2025-04-25 04:32:39.717 WARNING (Recorder) [homeassistant.components.recorder.util] The system could not validate that the sqlite3 database at //config/home-assistant_v2.db was shutdown cleanly
2025-04-25 04:32:39.820 WARNING (Recorder) [homeassistant.components.recorder.util] Ended unfinished session (id=183 from 2025-04-24 10:58:01.603434)
2025-04-25 04:32:48.791 ERROR (MainThread) [homeassistant.components.mqtt.client] Failed to connect to MQTT server due to exception: timed out
2025-04-25 04:43:19.114 ERROR (MainThread) [homeassistant] Error doing job: Task exception was never retrieved (None)
Traceback (most recent call last):
  File "/usr/src/homeassistant/homeassistant/components/mqtt/client.py", line 1003, in _async_resubscribe_and_publish_birth_message
    await self.async_publish(
    ...<4 lines>...
    )
  File "/usr/src/homeassistant/homeassistant/components/mqtt/client.py", line 664, in async_publish
    await self._async_wait_for_mid_or_raise(msg_info.mid, msg_info.rc)
  File "/usr/src/homeassistant/homeassistant/components/mqtt/client.py", line 1279, in _async_wait_for_mid_or_raise
    raise HomeAssistantError(
    ...<5 lines>...
    )
homeassistant.exceptions.HomeAssistantError: Error talking to MQTT: The client is not currently connected.
2025-04-25 04:43:25.976 ERROR (MainThread) [homeassistant.components.mqtt.select] Invalid option for select.den_phong_khach: '0' (valid options: ['TẮT', 'SÁNG VỪA', 'SÁNG MẠNH'])
2025-04-25 04:43:25.977 ERROR (MainThread) [homeassistant.components.mqtt.select] Invalid option for select.den_bep: '0' (valid options: ['TẮT', 'SÁNG VỪA', 'SÁNG MẠNH'])
2025-04-25 04:43:25.977 ERROR (MainThread) [homeassistant.components.mqtt.select] Invalid option for select.den_phong_ngu: '0' (valid options: ['TẮT', 'SÁNG VỪA', 'SÁNG MẠNH'])
2025-04-25 04:43:25.977 ERROR (MainThread) [homeassistant.components.mqtt.select] Invalid option for select.den_phong_xe: '0' (valid options: ['TẮT', 'SÁNG VỪA', 'SÁNG MẠNH'])
2025-04-25 04:43:25.977 ERROR (MainThread) [homeassistant.components.mqtt.select] Invalid option for select.coi_san_truoc: '1' (valid options: ['TẮT', 'BẬT KHI CÓ CHUYỂN ĐỘNG/RUNG', 'LUÔN BẬT'])
2025-04-25 04:43:25.978 ERROR (MainThread) [homeassistant.components.mqtt.select] Invalid option for select.coi_phong_khach: '1' (valid options: ['TẮT', 'BẬT KHI CÓ NGUY HIỂM', 'LUÔN BẬT'])
2025-04-25 04:43:26.163 ERROR (MainThread) [homeassistant.components.mqtt.select] Invalid option for select.den_phong_khach: '0' (valid options: ['TẮT', 'SÁNG VỪA', 'SÁNG MẠNH'])
2025-04-25 04:43:26.225 ERROR (MainThread) [homeassistant.components.mqtt.select] Invalid option for select.den_bep: '0' (valid options: ['TẮT', 'SÁNG VỪA', 'SÁNG MẠNH'])
2025-04-25 04:43:26.363 ERROR (MainThread) [homeassistant.components.mqtt.select] Invalid option for select.den_phong_ngu: '0' (valid options: ['TẮT', 'SÁNG VỪA', 'SÁNG MẠNH'])
2025-04-25 04:43:26.563 ERROR (MainThread) [homeassistant.components.mqtt.select] Invalid option for select.den_phong_xe: '0' (valid options: ['TẮT', 'SÁNG VỪA', 'SÁNG MẠNH'])
2025-04-25 04:43:26.563 ERROR (MainThread) [homeassistant.components.mqtt.select] Invalid option for select.coi_san_truoc: '0' (valid options: ['TẮT', 'BẬT KHI CÓ CHUYỂN ĐỘNG/RUNG', 'LUÔN BẬT'])
2025-04-25 04:43:26.638 ERROR (MainThread) [homeassistant.components.mqtt.select] Invalid option for select.coi_phong_khach: '1' (valid options: ['TẮT', 'BẬT KHI CÓ NGUY HIỂM', 'LUÔN BẬT'])
2025-04-25 04:43:30.445 ERROR (MainThread) [homeassistant.components.mqtt.select] Invalid option for select.coi_phong_khach: '2' (valid options: ['TẮT', 'BẬT KHI CÓ NGUY HIỂM', 'LUÔN BẬT'])
2025-04-25 04:43:31.201 ERROR (MainThread) [homeassistant.components.mqtt.select] Invalid option for select.coi_phong_khach: '0' (valid options: ['TẮT', 'BẬT KHI CÓ NGUY HIỂM', 'LUÔN BẬT'])
2025-04-25 04:43:32.521 ERROR (MainThread) [homeassistant.components.mqtt.select] Invalid option for select.coi_phong_khach: '1' (valid options: ['TẮT', 'BẬT KHI CÓ NGUY HIỂM', 'LUÔN BẬT'])
2025-04-25 04:43:33.122 ERROR (MainThread) [homeassistant.components.mqtt.select] Invalid option for select.coi_phong_khach: '2' (valid options: ['TẮT', 'BẬT KHI CÓ NGUY HIỂM', 'LUÔN BẬT'])
2025-04-25 04:43:33.674 ERROR (MainThread) [homeassistant.components.mqtt.select] Invalid option for select.coi_phong_khach: '0' (valid options: ['TẮT', 'BẬT KHI CÓ NGUY HIỂM', 'LUÔN BẬT'])
2025-04-25 04:43:39.725 ERROR (MainThread) [homeassistant.components.mqtt.select] Invalid option for select.coi_phong_khach: '2' (valid options: ['TẮT', 'BẬT KHI CÓ NGUY HIỂM', 'LUÔN BẬT'])
2025-04-25 04:43:42.150 ERROR (MainThread) [homeassistant.components.mqtt.select] Invalid option for select.coi_phong_khach: '0' (valid options: ['TẮT', 'BẬT KHI CÓ NGUY HIỂM', 'LUÔN BẬT'])
2025-04-25 04:45:06.513 ERROR (MainThread) [homeassistant.components.mqtt.select] Invalid option for select.coi_san_truoc: '2' (valid options: ['TẮT', 'BẬT KHI CÓ CHUYỂN ĐỘNG/RUNG', 'LUÔN BẬT'])
2025-04-25 04:45:07.943 ERROR (MainThread) [homeassistant.components.mqtt.select] Invalid option for select.coi_san_truoc: '0' (valid options: ['TẮT', 'BẬT KHI CÓ CHUYỂN ĐỘNG/RUNG', 'LUÔN BẬT'])
2025-04-25 04:45:20.637 ERROR (MainThread) [homeassistant.components.mqtt.select] Invalid option for select.coi_phong_khach: '2' (valid options: ['TẮT', 'BẬT KHI CÓ NGUY HIỂM', 'LUÔN BẬT'])
2025-04-25 04:45:22.320 ERROR (MainThread) [homeassistant.components.mqtt.select] Invalid option for select.coi_phong_khach: '0' (valid options: ['TẮT', 'BẬT KHI CÓ NGUY HIỂM', 'LUÔN BẬT'])
2025-04-25 04:45:25.599 ERROR (MainThread) [homeassistant.components.mqtt.select] Invalid option for select.den_phong_khach: '2' (valid options: ['TẮT', 'SÁNG VỪA', 'SÁNG MẠNH'])
2025-04-25 04:45:27.839 ERROR (MainThread) [homeassistant.components.mqtt.select] Invalid option for select.den_phong_khach: '1' (valid options: ['TẮT', 'SÁNG VỪA', 'SÁNG MẠNH'])
2025-04-25 04:45:29.069 ERROR (MainThread) [homeassistant.components.mqtt.select] Invalid option for select.den_phong_khach: '0' (valid options: ['TẮT', 'SÁNG VỪA', 'SÁNG MẠNH'])
2025-04-25 04:45:30.499 ERROR (MainThread) [homeassistant.components.mqtt.select] Invalid option for select.den_phong_khach: '1' (valid options: ['TẮT', 'SÁNG VỪA', 'SÁNG MẠNH'])
2025-04-25 04:45:32.939 ERROR (MainThread) [homeassistant.components.mqtt.select] Invalid option for select.den_phong_khach: '2' (valid options: ['TẮT', 'SÁNG VỪA', 'SÁNG MẠNH'])
2025-04-25 04:45:34.780 ERROR (MainThread) [homeassistant.components.mqtt.select] Invalid option for select.den_phong_khach: '0' (valid options: ['TẮT', 'SÁNG VỪA', 'SÁNG MẠNH'])
2025-04-25 04:45:39.480 ERROR (MainThread) [homeassistant.components.mqtt.select] Invalid option for select.coi_phong_khach: '0' (valid options: ['TẮT', 'BẬT KHI CÓ NGUY HIỂM', 'LUÔN BẬT'])
2025-04-25 04:45:40.722 ERROR (MainThread) [homeassistant.components.mqtt.select] Invalid option for select.coi_phong_khach: '2' (valid options: ['TẮT', 'BẬT KHI CÓ NGUY HIỂM', 'LUÔN BẬT'])
2025-04-25 04:45:50.983 ERROR (MainThread) [homeassistant.components.mqtt.select] Invalid option for select.coi_phong_khach: '1' (valid options: ['TẮT', 'BẬT KHI CÓ NGUY HIỂM', 'LUÔN BẬT'])
2025-04-25 04:45:54.454 ERROR (MainThread) [homeassistant.components.mqtt.select] Invalid option for select.coi_phong_khach: '0' (valid options: ['TẮT', 'BẬT KHI CÓ NGUY HIỂM', 'LUÔN BẬT'])
2025-04-25 04:46:05.308 ERROR (MainThread) [homeassistant.components.mqtt.select] Invalid option for select.den_phong_ngu: '2' (valid options: ['TẮT', 'SÁNG VỪA', 'SÁNG MẠNH'])
2025-04-25 04:46:07.747 ERROR (MainThread) [homeassistant.components.mqtt.select] Invalid option for select.den_phong_ngu: '1' (valid options: ['TẮT', 'SÁNG VỪA', 'SÁNG MẠNH'])
2025-04-25 04:46:09.630 ERROR (MainThread) [homeassistant.components.mqtt.select] Invalid option for select.den_phong_ngu: '2' (valid options: ['TẮT', 'SÁNG VỪA', 'SÁNG MẠNH'])
2025-04-25 04:46:10.657 ERROR (MainThread) [homeassistant.components.mqtt.select] Invalid option for select.den_phong_ngu: '0' (valid options: ['TẮT', 'SÁNG VỪA', 'SÁNG MẠNH'])
2025-04-25 04:46:13.690 ERROR (MainThread) [homeassistant.components.mqtt.select] Invalid option for select.den_phong_xe: '2' (valid options: ['TẮT', 'SÁNG VỪA', 'SÁNG MẠNH'])
2025-04-25 04:46:16.170 ERROR (MainThread) [homeassistant.components.mqtt.select] Invalid option for select.den_phong_xe: '1' (valid options: ['TẮT', 'SÁNG VỪA', 'SÁNG MẠNH'])
2025-04-25 04:46:20.286 ERROR (MainThread) [homeassistant.components.mqtt.select] Invalid option for select.den_phong_xe: '0' (valid options: ['TẮT', 'SÁNG VỪA', 'SÁNG MẠNH'])
2025-04-25 04:47:19.288 ERROR (MainThread) [homeassistant.components.mqtt.select] Invalid option for select.coi_san_truoc: '1' (valid options: ['TẮT', 'BẬT KHI CÓ CHUYỂN ĐỘNG/RUNG', 'LUÔN BẬT'])
2025-04-25 04:47:19.460 ERROR (MainThread) [homeassistant.components.mqtt.select] Invalid option for select.coi_san_truoc: '2' (valid options: ['TẮT', 'BẬT KHI CÓ CHUYỂN ĐỘNG/RUNG', 'LUÔN BẬT'])
2025-04-25 04:47:21.334 ERROR (MainThread) [homeassistant.components.mqtt.select] Invalid option for select.coi_san_truoc: '0' (valid options: ['TẮT', 'BẬT KHI CÓ CHUYỂN ĐỘNG/RUNG', 'LUÔN BẬT'])
2025-04-25 04:47:21.336 ERROR (MainThread) [homeassistant.components.mqtt.select] Invalid option for select.coi_san_truoc: '1' (valid options: ['TẮT', 'BẬT KHI CÓ CHUYỂN ĐỘNG/RUNG', 'LUÔN BẬT'])
2025-04-25 04:47:58.814 ERROR (MainThread) [homeassistant.components.mqtt.select] Invalid option for select.coi_san_truoc: '2' (valid options: ['TẮT', 'BẬT KHI CÓ CHUYỂN ĐỘNG/RUNG', 'LUÔN BẬT'])
2025-04-25 04:48:00.111 ERROR (MainThread) [homeassistant.components.mqtt.select] Invalid option for select.coi_san_truoc: '1' (valid options: ['TẮT', 'BẬT KHI CÓ CHUYỂN ĐỘNG/RUNG', 'LUÔN BẬT'])
2025-04-25 04:48:12.096 ERROR (MainThread) [homeassistant.components.mqtt.select] Invalid option for select.coi_san_truoc: '0' (valid options: ['TẮT', 'BẬT KHI CÓ CHUYỂN ĐỘNG/RUNG', 'LUÔN BẬT'])
2025-04-25 04:49:10.644 ERROR (MainThread) [homeassistant.components.mqtt.select] Invalid option for select.den_phong_khach: '0' (valid options: ['TẮT', 'SÁNG VỪA', 'SÁNG MẠNH'])
2025-04-25 04:49:10.645 ERROR (MainThread) [homeassistant.components.mqtt.select] Invalid option for select.den_bep: '0' (valid options: ['TẮT', 'SÁNG VỪA', 'SÁNG MẠNH'])
2025-04-25 04:49:10.645 ERROR (MainThread) [homeassistant.components.mqtt.select] Invalid option for select.den_phong_ngu: '0' (valid options: ['TẮT', 'SÁNG VỪA', 'SÁNG MẠNH'])
2025-04-25 04:49:10.645 ERROR (MainThread) [homeassistant.components.mqtt.select] Invalid option for select.den_phong_xe: '0' (valid options: ['TẮT', 'SÁNG VỪA', 'SÁNG MẠNH'])
2025-04-25 04:49:10.645 ERROR (MainThread) [homeassistant.components.mqtt.select] Invalid option for select.coi_san_truoc: '0' (valid options: ['TẮT', 'BẬT KHI CÓ CHUYỂN ĐỘNG/RUNG', 'LUÔN BẬT'])
2025-04-25 04:49:10.645 ERROR (MainThread) [homeassistant.components.mqtt.select] Invalid option for select.coi_phong_khach: '1' (valid options: ['TẮT', 'BẬT KHI CÓ NGUY HIỂM', 'LUÔN BẬT'])
2025-04-25 04:49:10.744 ERROR (MainThread) [homeassistant.components.mqtt.select] Invalid option for select.den_phong_khach: '0' (valid options: ['TẮT', 'SÁNG VỪA', 'SÁNG MẠNH'])
2025-04-25 04:49:10.849 ERROR (MainThread) [homeassistant.components.mqtt.select] Invalid option for select.den_bep: '0' (valid options: ['TẮT', 'SÁNG VỪA', 'SÁNG MẠNH'])
2025-04-25 04:49:10.977 ERROR (MainThread) [homeassistant.components.mqtt.select] Invalid option for select.den_phong_ngu: '0' (valid options: ['TẮT', 'SÁNG VỪA', 'SÁNG MẠNH'])
2025-04-25 04:49:11.053 ERROR (MainThread) [homeassistant.components.mqtt.select] Invalid option for select.den_phong_xe: '0' (valid options: ['TẮT', 'SÁNG VỪA', 'SÁNG MẠNH'])
2025-04-25 04:49:11.242 ERROR (MainThread) [homeassistant.components.mqtt.select] Invalid option for select.coi_san_truoc: '0' (valid options: ['TẮT', 'BẬT KHI CÓ CHUYỂN ĐỘNG/RUNG', 'LUÔN BẬT'])
2025-04-25 04:49:11.489 ERROR (MainThread) [homeassistant.components.mqtt.select] Invalid option for select.coi_phong_khach: '1' (valid options: ['TẮT', 'BẬT KHI CÓ NGUY HIỂM', 'LUÔN BẬT'])
2025-04-25 04:49:52.959 ERROR (MainThread) [homeassistant.components.mqtt.select] Invalid option for select.coi_phong_khach: '2' (valid options: ['TẮT', 'BẬT KHI CÓ NGUY HIỂM', 'LUÔN BẬT'])
2025-04-25 04:49:54.138 ERROR (MainThread) [homeassistant.components.mqtt.select] Invalid option for select.coi_phong_khach: '0' (valid options: ['TẮT', 'BẬT KHI CÓ NGUY HIỂM', 'LUÔN BẬT'])
2025-04-25 04:49:55.483 ERROR (MainThread) [homeassistant.components.mqtt.select] Invalid option for select.coi_phong_khach: '1' (valid options: ['TẮT', 'BẬT KHI CÓ NGUY HIỂM', 'LUÔN BẬT'])
2025-04-25 04:49:56.683 ERROR (MainThread) [homeassistant.components.mqtt.select] Invalid option for select.coi_phong_khach: '2' (valid options: ['TẮT', 'BẬT KHI CÓ NGUY HIỂM', 'LUÔN BẬT'])
2025-04-25 04:49:57.428 ERROR (MainThread) [homeassistant.components.mqtt.select] Invalid option for select.coi_phong_khach: '0' (valid options: ['TẮT', 'BẬT KHI CÓ NGUY HIỂM', 'LUÔN BẬT'])
2025-04-25 04:50:04.237 ERROR (MainThread) [homeassistant.components.mqtt.select] Invalid option for select.coi_phong_khach: '1' (valid options: ['TẮT', 'BẬT KHI CÓ NGUY HIỂM', 'LUÔN BẬT'])
2025-04-25 04:50:05.172 ERROR (MainThread) [homeassistant.components.mqtt.select] Invalid option for select.coi_phong_khach: '2' (valid options: ['TẮT', 'BẬT KHI CÓ NGUY HIỂM', 'LUÔN BẬT'])
2025-04-25 04:50:05.757 ERROR (MainThread) [homeassistant.components.mqtt.select] Invalid option for select.coi_phong_khach: '0' (valid options: ['TẮT', 'BẬT KHI CÓ NGUY HIỂM', 'LUÔN BẬT'])
2025-04-25 04:50:06.304 ERROR (MainThread) [homeassistant.components.mqtt.select] Invalid option for select.coi_phong_khach: '1' (valid options: ['TẮT', 'BẬT KHI CÓ NGUY HIỂM', 'LUÔN BẬT'])
2025-04-25 04:50:06.806 ERROR (MainThread) [homeassistant.components.mqtt.select] Invalid option for select.coi_phong_khach: '2' (valid options: ['TẮT', 'BẬT KHI CÓ NGUY HIỂM', 'LUÔN BẬT'])
2025-04-25 04:50:07.593 ERROR (MainThread) [homeassistant.components.mqtt.select] Invalid option for select.coi_phong_khach: '0' (valid options: ['TẮT', 'BẬT KHI CÓ NGUY HIỂM', 'LUÔN BẬT'])
2025-04-25 04:50:11.833 ERROR (MainThread) [homeassistant.components.mqtt.select] Invalid option for select.den_phong_khach: '0' (valid options: ['TẮT', 'SÁNG VỪA', 'SÁNG MẠNH'])
2025-04-25 04:50:11.833 ERROR (MainThread) [homeassistant.components.mqtt.select] Invalid option for select.den_bep: '0' (valid options: ['TẮT', 'SÁNG VỪA', 'SÁNG MẠNH'])
2025-04-25 04:50:11.833 ERROR (MainThread) [homeassistant.components.mqtt.select] Invalid option for select.den_phong_ngu: '0' (valid options: ['TẮT', 'SÁNG VỪA', 'SÁNG MẠNH'])
2025-04-25 04:50:11.833 ERROR (MainThread) [homeassistant.components.mqtt.select] Invalid option for select.den_phong_xe: '0' (valid options: ['TẮT', 'SÁNG VỪA', 'SÁNG MẠNH'])
2025-04-25 04:50:11.833 ERROR (MainThread) [homeassistant.components.mqtt.select] Invalid option for select.coi_san_truoc: '0' (valid options: ['TẮT', 'BẬT KHI CÓ CHUYỂN ĐỘNG/RUNG', 'LUÔN BẬT'])
2025-04-25 04:50:11.834 ERROR (MainThread) [homeassistant.components.mqtt.select] Invalid option for select.coi_phong_khach: '0' (valid options: ['TẮT', 'BẬT KHI CÓ NGUY HIỂM', 'LUÔN BẬT'])
2025-04-25 04:50:11.965 ERROR (MainThread) [homeassistant.components.mqtt.select] Invalid option for select.den_phong_khach: '0' (valid options: ['TẮT', 'SÁNG VỪA', 'SÁNG MẠNH'])
2025-04-25 04:50:12.071 ERROR (MainThread) [homeassistant.components.mqtt.select] Invalid option for select.den_bep: '0' (valid options: ['TẮT', 'SÁNG VỪA', 'SÁNG MẠNH'])
2025-04-25 04:50:12.165 ERROR (MainThread) [homeassistant.components.mqtt.select] Invalid option for select.den_phong_ngu: '0' (valid options: ['TẮT', 'SÁNG VỪA', 'SÁNG MẠNH'])
2025-04-25 04:50:12.271 ERROR (MainThread) [homeassistant.components.mqtt.select] Invalid option for select.den_phong_xe: '0' (valid options: ['TẮT', 'SÁNG VỪA', 'SÁNG MẠNH'])
2025-04-25 04:50:12.470 ERROR (MainThread) [homeassistant.components.mqtt.select] Invalid option for select.coi_san_truoc: '0' (valid options: ['TẮT', 'BẬT KHI CÓ CHUYỂN ĐỘNG/RUNG', 'LUÔN BẬT'])
2025-04-25 04:50:12.528 ERROR (MainThread) [homeassistant.components.mqtt.select] Invalid option for select.coi_phong_khach: '1' (valid options: ['TẮT', 'BẬT KHI CÓ NGUY HIỂM', 'LUÔN BẬT'])
2025-04-25 04:51:16.328 WARNING (MainThread) [homeassistant.components.mqtt.client] Error returned from MQTT server: The connection was lost.
2025-04-25 04:51:26.679 ERROR (MainThread) [homeassistant.components.mqtt.select] Invalid option for select.den_bep: '2' (valid options: ['TẮT', 'SÁNG VỪA', 'SÁNG MẠNH'])
2025-04-25 04:51:27.234 ERROR (MainThread) [homeassistant.components.mqtt.select] Invalid option for select.den_bep: '0' (valid options: ['TẮT', 'SÁNG VỪA', 'SÁNG MẠNH'])
2025-04-25 04:54:23.360 ERROR (MainThread) [homeassistant.components.mqtt.select] Invalid option for select.coi_san_truoc: '1' (valid options: ['TẮT', 'BẬT KHI CÓ CHUYỂN ĐỘNG/RUNG', 'LUÔN BẬT'])
2025-04-25 04:54:24.535 ERROR (MainThread) [homeassistant.components.mqtt.select] Invalid option for select.coi_san_truoc: '2' (valid options: ['TẮT', 'BẬT KHI CÓ CHUYỂN ĐỘNG/RUNG', 'LUÔN BẬT'])
2025-04-25 04:54:25.252 ERROR (MainThread) [homeassistant.components.mqtt.select] Invalid option for select.coi_san_truoc: '0' (valid options: ['TẮT', 'BẬT KHI CÓ CHUYỂN ĐỘNG/RUNG', 'LUÔN BẬT'])
2025-04-25 04:55:07.074 ERROR (MainThread) [homeassistant.components.mqtt.select] Invalid option for select.den_phong_khach: '1' (valid options: ['TẮT', 'SÁNG VỪA', 'SÁNG MẠNH'])
2025-04-25 04:55:07.921 ERROR (MainThread) [homeassistant.components.mqtt.select] Invalid option for select.den_phong_khach: '2' (valid options: ['TẮT', 'SÁNG VỪA', 'SÁNG MẠNH'])
2025-04-25 04:55:08.420 ERROR (MainThread) [homeassistant.components.mqtt.select] Invalid option for select.den_phong_khach: '0' (valid options: ['TẮT', 'SÁNG VỪA', 'SÁNG MẠNH'])
2025-04-25 04:55:27.521 ERROR (MainThread) [homeassistant.components.mqtt.select] Invalid option for select.den_phong_xe: '1' (valid options: ['TẮT', 'SÁNG VỪA', 'SÁNG MẠNH'])
2025-04-25 04:55:27.522 ERROR (MainThread) [homeassistant.components.mqtt.select] Invalid option for select.den_phong_xe: '2' (valid options: ['TẮT', 'SÁNG VỪA', 'SÁNG MẠNH'])
2025-04-25 04:55:27.523 ERROR (MainThread) [homeassistant.components.mqtt.select] Invalid option for select.den_phong_xe: '0' (valid options: ['TẮT', 'SÁNG VỪA', 'SÁNG MẠNH'])
2025-04-25 04:55:28.551 ERROR (MainThread) [homeassistant.components.mqtt.select] Invalid option for select.den_bep: '1' (valid options: ['TẮT', 'SÁNG VỪA', 'SÁNG MẠNH'])
2025-04-25 04:55:29.196 ERROR (MainThread) [homeassistant.components.mqtt.select] Invalid option for select.den_bep: '2' (valid options: ['TẮT', 'SÁNG VỪA', 'SÁNG MẠNH'])
2025-04-25 04:55:29.726 ERROR (MainThread) [homeassistant.components.mqtt.select] Invalid option for select.den_bep: '0' (valid options: ['TẮT', 'SÁNG VỪA', 'SÁNG MẠNH'])
2025-04-25 04:57:08.070 ERROR (MainThread) [homeassistant.components.mqtt.select] Invalid option for select.coi_phong_khach: '2' (valid options: ['TẮT', 'BẬT KHI CÓ NGUY HIỂM', 'LUÔN BẬT'])
2025-04-25 04:57:10.499 ERROR (MainThread) [homeassistant.components.mqtt.select] Invalid option for select.coi_phong_khach: '0' (valid options: ['TẮT', 'BẬT KHI CÓ NGUY HIỂM', 'LUÔN BẬT'])
2025-04-25 04:57:21.400 ERROR (MainThread) [homeassistant.components.mqtt.select] Invalid option for select.coi_phong_khach: '0' (valid options: ['TẮT', 'BẬT KHI CÓ NGUY HIỂM', 'LUÔN BẬT'])
2025-04-25 04:59:10.352 ERROR (MainThread) [homeassistant.components.mqtt.select] Invalid option for select.coi_phong_khach: '1' (valid options: ['TẮT', 'BẬT KHI CÓ NGUY HIỂM', 'LUÔN BẬT'])
2025-04-25 04:59:37.559 ERROR (MainThread) [homeassistant.components.mqtt.select] Invalid option for select.coi_phong_khach: '1' (valid options: ['TẮT', 'BẬT KHI CÓ NGUY HIỂM', 'LUÔN BẬT'])
2025-04-25 04:59:43.077 ERROR (MainThread) [homeassistant.components.mqtt.select] Invalid option for select.coi_phong_khach: '2' (valid options: ['TẮT', 'BẬT KHI CÓ NGUY HIỂM', 'LUÔN BẬT'])
2025-04-25 04:59:45.951 ERROR (MainThread) [homeassistant.components.mqtt.select] Invalid option for select.coi_phong_khach: '1' (valid options: ['TẮT', 'BẬT KHI CÓ NGUY HIỂM', 'LUÔN BẬT'])
2025-04-25 05:03:35.488 ERROR (MainThread) [homeassistant.components.mqtt.select] Invalid option for select.den_phong_khach: '0' (valid options: ['TẮT', 'SÁNG VỪA', 'SÁNG MẠNH'])
2025-04-25 05:03:35.489 ERROR (MainThread) [homeassistant.components.mqtt.select] Invalid option for select.den_bep: '0' (valid options: ['TẮT', 'SÁNG VỪA', 'SÁNG MẠNH'])
2025-04-25 05:03:35.489 ERROR (MainThread) [homeassistant.components.mqtt.select] Invalid option for select.den_phong_ngu: '0' (valid options: ['TẮT', 'SÁNG VỪA', 'SÁNG MẠNH'])
2025-04-25 05:03:35.489 ERROR (MainThread) [homeassistant.components.mqtt.select] Invalid option for select.den_phong_xe: '0' (valid options: ['TẮT', 'SÁNG VỪA', 'SÁNG MẠNH'])
2025-04-25 05:03:35.489 ERROR (MainThread) [homeassistant.components.mqtt.select] Invalid option for select.coi_san_truoc: '0' (valid options: ['TẮT', 'BẬT KHI CÓ CHUYỂN ĐỘNG/RUNG', 'LUÔN BẬT'])
2025-04-25 05:03:35.490 ERROR (MainThread) [homeassistant.components.mqtt.select] Invalid option for select.coi_phong_khach: '1' (valid options: ['TẮT', 'BẬT KHI CÓ NGUY HIỂM', 'LUÔN BẬT'])
2025-04-25 05:03:35.598 ERROR (MainThread) [homeassistant.components.mqtt.select] Invalid option for select.den_phong_khach: '0' (valid options: ['TẮT', 'SÁNG VỪA', 'SÁNG MẠNH'])
2025-04-25 05:03:35.716 ERROR (MainThread) [homeassistant.components.mqtt.select] Invalid option for select.den_bep: '0' (valid options: ['TẮT', 'SÁNG VỪA', 'SÁNG MẠNH'])
2025-04-25 05:03:35.922 ERROR (MainThread) [homeassistant.components.mqtt.select] Invalid option for select.den_phong_ngu: '0' (valid options: ['TẮT', 'SÁNG VỪA', 'SÁNG MẠNH'])
2025-04-25 05:03:35.923 ERROR (MainThread) [homeassistant.components.mqtt.select] Invalid option for select.den_phong_xe: '0' (valid options: ['TẮT', 'SÁNG VỪA', 'SÁNG MẠNH'])
2025-04-25 05:03:36.125 ERROR (MainThread) [homeassistant.components.mqtt.select] Invalid option for select.coi_san_truoc: '0' (valid options: ['TẮT', 'BẬT KHI CÓ CHUYỂN ĐỘNG/RUNG', 'LUÔN BẬT'])
2025-04-25 05:03:36.125 ERROR (MainThread) [homeassistant.components.mqtt.select] Invalid option for select.coi_phong_khach: '1' (valid options: ['TẮT', 'BẬT KHI CÓ NGUY HIỂM', 'LUÔN BẬT'])
2025-04-25 05:05:03.894 ERROR (MainThread) [homeassistant.components.mqtt.select] Invalid option for select.den_phong_khach: '0' (valid options: ['TẮT', 'SÁNG VỪA', 'SÁNG MẠNH'])
2025-04-25 05:05:03.894 ERROR (MainThread) [homeassistant.components.mqtt.select] Invalid option for select.den_bep: '0' (valid options: ['TẮT', 'SÁNG VỪA', 'SÁNG MẠNH'])
2025-04-25 05:05:03.894 ERROR (MainThread) [homeassistant.components.mqtt.select] Invalid option for select.den_phong_ngu: '0' (valid options: ['TẮT', 'SÁNG VỪA', 'SÁNG MẠNH'])
2025-04-25 05:05:03.894 ERROR (MainThread) [homeassistant.components.mqtt.select] Invalid option for select.den_phong_xe: '0' (valid options: ['TẮT', 'SÁNG VỪA', 'SÁNG MẠNH'])
2025-04-25 05:05:03.894 ERROR (MainThread) [homeassistant.components.mqtt.select] Invalid option for select.coi_san_truoc: '0' (valid options: ['TẮT', 'BẬT KHI CÓ CHUYỂN ĐỘNG/RUNG', 'LUÔN BẬT'])
2025-04-25 05:05:03.894 ERROR (MainThread) [homeassistant.components.mqtt.select] Invalid option for select.coi_phong_khach: '1' (valid options: ['TẮT', 'BẬT KHI CÓ NGUY HIỂM', 'LUÔN BẬT'])
2025-04-25 05:05:03.990 ERROR (MainThread) [homeassistant.components.mqtt.select] Invalid option for select.den_phong_khach: '0' (valid options: ['TẮT', 'SÁNG VỪA', 'SÁNG MẠNH'])
2025-04-25 05:05:04.092 ERROR (MainThread) [homeassistant.components.mqtt.select] Invalid option for select.den_bep: '0' (valid options: ['TẮT', 'SÁNG VỪA', 'SÁNG MẠNH'])
2025-04-25 05:05:04.267 ERROR (MainThread) [homeassistant.components.mqtt.select] Invalid option for select.den_phong_ngu: '0' (valid options: ['TẮT', 'SÁNG VỪA', 'SÁNG MẠNH'])
2025-04-25 05:05:04.489 ERROR (MainThread) [homeassistant.components.mqtt.select] Invalid option for select.den_phong_xe: '0' (valid options: ['TẮT', 'SÁNG VỪA', 'SÁNG MẠNH'])
2025-04-25 05:05:04.490 ERROR (MainThread) [homeassistant.components.mqtt.select] Invalid option for select.coi_san_truoc: '0' (valid options: ['TẮT', 'BẬT KHI CÓ CHUYỂN ĐỘNG/RUNG', 'LUÔN BẬT'])
2025-04-25 05:05:22.425 ERROR (MainThread) [homeassistant.components.mqtt.select] Invalid option for select.coi_phong_khach: '1' (valid options: ['TẮT', 'BẬT KHI CÓ NGUY HIỂM', 'LUÔN BẬT'])
2025-04-25 05:06:45.127 ERROR (MainThread) [homeassistant.components.mqtt.select] Invalid option for select.coi_phong_khach: '2' (valid options: ['TẮT', 'BẬT KHI CÓ NGUY HIỂM', 'LUÔN BẬT'])
2025-04-25 05:06:47.009 ERROR (MainThread) [homeassistant.components.mqtt.select] Invalid option for select.coi_phong_khach: '0' (valid options: ['TẮT', 'BẬT KHI CÓ NGUY HIỂM', 'LUÔN BẬT'])
2025-04-25 05:06:48.536 ERROR (MainThread) [homeassistant.components.mqtt.select] Invalid option for select.den_phong_xe: '1' (valid options: ['TẮT', 'SÁNG VỪA', 'SÁNG MẠNH'])
2025-04-25 05:06:49.238 ERROR (MainThread) [homeassistant.components.mqtt.select] Invalid option for select.den_phong_xe: '2' (valid options: ['TẮT', 'SÁNG VỪA', 'SÁNG MẠNH'])
2025-04-25 05:06:49.546 ERROR (MainThread) [homeassistant.components.mqtt.select] Invalid option for select.den_phong_xe: '0' (valid options: ['TẮT', 'SÁNG VỪA', 'SÁNG MẠNH'])
2025-04-25 05:06:50.679 ERROR (MainThread) [homeassistant.components.mqtt.select] Invalid option for select.den_bep: '1' (valid options: ['TẮT', 'SÁNG VỪA', 'SÁNG MẠNH'])
2025-04-25 05:06:51.133 ERROR (MainThread) [homeassistant.components.mqtt.select] Invalid option for select.den_bep: '2' (valid options: ['TẮT', 'SÁNG VỪA', 'SÁNG MẠNH'])
2025-04-25 05:06:51.530 ERROR (MainThread) [homeassistant.components.mqtt.select] Invalid option for select.den_bep: '0' (valid options: ['TẮT', 'SÁNG VỪA', 'SÁNG MẠNH'])
2025-04-25 05:09:12.962 ERROR (MainThread) [homeassistant.components.mqtt.select] Invalid option for select.coi_phong_khach: '1' (valid options: ['TẮT', 'BẬT KHI CÓ NGUY HIỂM', 'LUÔN BẬT'])
2025-04-25 05:11:01.037 ERROR (MainThread) [homeassistant.components.mqtt.select] Invalid option for select.den_phong_khach: '0' (valid options: ['TẮT', 'SÁNG VỪA', 'SÁNG MẠNH'])
2025-04-25 05:11:01.037 ERROR (MainThread) [homeassistant.components.mqtt.select] Invalid option for select.den_bep: '0' (valid options: ['TẮT', 'SÁNG VỪA', 'SÁNG MẠNH'])
2025-04-25 05:11:01.037 ERROR (MainThread) [homeassistant.components.mqtt.select] Invalid option for select.den_phong_ngu: '0' (valid options: ['TẮT', 'SÁNG VỪA', 'SÁNG MẠNH'])
2025-04-25 05:11:01.037 ERROR (MainThread) [homeassistant.components.mqtt.select] Invalid option for select.den_phong_xe: '0' (valid options: ['TẮT', 'SÁNG VỪA', 'SÁNG MẠNH'])
2025-04-25 05:11:01.042 ERROR (MainThread) [homeassistant.components.mqtt.select] Invalid option for select.coi_san_truoc: '0' (valid options: ['TẮT', 'BẬT KHI CÓ CHUYỂN ĐỘNG/RUNG', 'LUÔN BẬT'])
2025-04-25 05:11:01.042 ERROR (MainThread) [homeassistant.components.mqtt.select] Invalid option for select.coi_phong_khach: '1' (valid options: ['TẮT', 'BẬT KHI CÓ NGUY HIỂM', 'LUÔN BẬT'])
2025-04-25 05:11:01.215 ERROR (MainThread) [homeassistant.components.mqtt.select] Invalid option for select.den_phong_khach: '0' (valid options: ['TẮT', 'SÁNG VỪA', 'SÁNG MẠNH'])
2025-04-25 05:11:01.264 ERROR (MainThread) [homeassistant.components.mqtt.select] Invalid option for select.den_bep: '0' (valid options: ['TẮT', 'SÁNG VỪA', 'SÁNG MẠNH'])
2025-04-25 05:11:01.419 ERROR (MainThread) [homeassistant.components.mqtt.select] Invalid option for select.den_phong_ngu: '0' (valid options: ['TẮT', 'SÁNG VỪA', 'SÁNG MẠNH'])
2025-04-25 05:11:01.468 ERROR (MainThread) [homeassistant.components.mqtt.select] Invalid option for select.den_phong_xe: '0' (valid options: ['TẮT', 'SÁNG VỪA', 'SÁNG MẠNH'])
2025-04-25 05:11:01.536 ERROR (MainThread) [homeassistant.components.mqtt.select] Invalid option for select.coi_san_truoc: '0' (valid options: ['TẮT', 'BẬT KHI CÓ CHUYỂN ĐỘNG/RUNG', 'LUÔN BẬT'])
2025-04-25 05:11:01.666 ERROR (MainThread) [homeassistant.components.mqtt.select] Invalid option for select.coi_phong_khach: '1' (valid options: ['TẮT', 'BẬT KHI CÓ NGUY HIỂM', 'LUÔN BẬT'])
2025-04-25 05:13:15.602 WARNING (MainThread) [homeassistant.components.mqtt.client] Error returned from MQTT server: The connection was lost.
2025-04-25 05:13:32.373 ERROR (MainThread) [homeassistant.components.mqtt.select] Invalid option for select.coi_phong_khach: '1' (valid options: ['TẮT', 'BẬT KHI CÓ NGUY HIỂM', 'LUÔN BẬT'])
2025-04-25 05:19:03.456 ERROR (MainThread) [homeassistant.components.mqtt.select] Invalid option for select.den_phong_khach: '0' (valid options: ['TẮT', 'SÁNG VỪA', 'SÁNG MẠNH'])
2025-04-25 05:19:03.456 ERROR (MainThread) [homeassistant.components.mqtt.select] Invalid option for select.den_bep: '0' (valid options: ['TẮT', 'SÁNG VỪA', 'SÁNG MẠNH'])
2025-04-25 05:19:03.457 ERROR (MainThread) [homeassistant.components.mqtt.select] Invalid option for select.den_phong_ngu: '0' (valid options: ['TẮT', 'SÁNG VỪA', 'SÁNG MẠNH'])
2025-04-25 05:19:03.457 ERROR (MainThread) [homeassistant.components.mqtt.select] Invalid option for select.den_phong_xe: '0' (valid options: ['TẮT', 'SÁNG VỪA', 'SÁNG MẠNH'])
2025-04-25 05:19:03.457 ERROR (MainThread) [homeassistant.components.mqtt.select] Invalid option for select.coi_san_truoc: '0' (valid options: ['TẮT', 'BẬT KHI CÓ CHUYỂN ĐỘNG/RUNG', 'LUÔN BẬT'])
2025-04-25 05:19:03.457 ERROR (MainThread) [homeassistant.components.mqtt.select] Invalid option for select.coi_phong_khach: '1' (valid options: ['TẮT', 'BẬT KHI CÓ NGUY HIỂM', 'LUÔN BẬT'])
2025-04-25 05:19:03.538 ERROR (MainThread) [homeassistant.components.mqtt.select] Invalid option for select.den_phong_khach: '0' (valid options: ['TẮT', 'SÁNG VỪA', 'SÁNG MẠNH'])
2025-04-25 05:19:03.641 ERROR (MainThread) [homeassistant.components.mqtt.select] Invalid option for select.den_bep: '0' (valid options: ['TẮT', 'SÁNG VỪA', 'SÁNG MẠNH'])
2025-04-25 05:19:03.734 ERROR (MainThread) [homeassistant.components.mqtt.select] Invalid option for select.den_phong_ngu: '0' (valid options: ['TẮT', 'SÁNG VỪA', 'SÁNG MẠNH'])
2025-04-25 05:19:03.836 ERROR (MainThread) [homeassistant.components.mqtt.select] Invalid option for select.den_phong_xe: '0' (valid options: ['TẮT', 'SÁNG VỪA', 'SÁNG MẠNH'])
2025-04-25 05:19:03.974 ERROR (MainThread) [homeassistant.components.mqtt.select] Invalid option for select.den_phong_khach: '0' (valid options: ['TẮT', 'SÁNG VỪA', 'SÁNG MẠNH'])
2025-04-25 05:19:03.974 ERROR (MainThread) [homeassistant.components.mqtt.select] Invalid option for select.den_bep: '0' (valid options: ['TẮT', 'SÁNG VỪA', 'SÁNG MẠNH'])
2025-04-25 05:19:03.974 ERROR (MainThread) [homeassistant.components.mqtt.select] Invalid option for select.den_phong_ngu: '0' (valid options: ['TẮT', 'SÁNG VỪA', 'SÁNG MẠNH'])
2025-04-25 05:19:03.974 ERROR (MainThread) [homeassistant.components.mqtt.select] Invalid option for select.den_phong_xe: '0' (valid options: ['TẮT', 'SÁNG VỪA', 'SÁNG MẠNH'])
2025-04-25 05:19:03.975 ERROR (MainThread) [homeassistant.components.mqtt.select] Invalid option for select.coi_san_truoc: '0' (valid options: ['TẮT', 'BẬT KHI CÓ CHUYỂN ĐỘNG/RUNG', 'LUÔN BẬT'])
2025-04-25 05:19:03.975 ERROR (MainThread) [homeassistant.components.mqtt.select] Invalid option for select.coi_phong_khach: '1' (valid options: ['TẮT', 'BẬT KHI CÓ NGUY HIỂM', 'LUÔN BẬT'])
2025-04-25 05:19:04.071 ERROR (MainThread) [homeassistant.components.mqtt.select] Invalid option for select.den_phong_khach: '0' (valid options: ['TẮT', 'SÁNG VỪA', 'SÁNG MẠNH'])
2025-04-25 05:19:04.189 ERROR (MainThread) [homeassistant.components.mqtt.select] Invalid option for select.den_bep: '0' (valid options: ['TẮT', 'SÁNG VỪA', 'SÁNG MẠNH'])
2025-04-25 05:19:41.588 ERROR (MainThread) [homeassistant.components.mqtt.select] Invalid option for select.den_phong_ngu: '0' (valid options: ['TẮT', 'SÁNG VỪA', 'SÁNG MẠNH'])
2025-04-25 05:19:41.589 ERROR (MainThread) [homeassistant.components.mqtt.select] Invalid option for select.den_phong_xe: '0' (valid options: ['TẮT', 'SÁNG VỪA', 'SÁNG MẠNH'])
2025-04-25 05:19:41.781 ERROR (MainThread) [homeassistant.components.mqtt.select] Invalid option for select.coi_san_truoc: '0' (valid options: ['TẮT', 'BẬT KHI CÓ CHUYỂN ĐỘNG/RUNG', 'LUÔN BẬT'])
2025-04-25 05:19:41.781 ERROR (MainThread) [homeassistant.components.mqtt.select] Invalid option for select.coi_phong_khach: '1' (valid options: ['TẮT', 'BẬT KHI CÓ NGUY HIỂM', 'LUÔN BẬT'])
2025-04-25 05:19:56.432 ERROR (MainThread) [homeassistant.components.mqtt.select] Invalid option for select.den_phong_ngu: '1' (valid options: ['TẮT', 'SÁNG VỪA', 'SÁNG MẠNH'])
2025-04-25 05:19:57.047 WARNING (MainThread) [homeassistant.components.mqtt.client] Error returned from MQTT server: The connection was lost.
2025-04-25 05:24:31.252 ERROR (MainThread) [homeassistant.components.mqtt.select] Invalid option for select.den_phong_khach: '0' (valid options: ['TẮT', 'SÁNG VỪA', 'SÁNG MẠNH'])
2025-04-25 05:24:31.252 ERROR (MainThread) [homeassistant.components.mqtt.select] Invalid option for select.den_bep: '0' (valid options: ['TẮT', 'SÁNG VỪA', 'SÁNG MẠNH'])
2025-04-25 05:24:31.252 ERROR (MainThread) [homeassistant.components.mqtt.select] Invalid option for select.den_phong_ngu: '0' (valid options: ['TẮT', 'SÁNG VỪA', 'SÁNG MẠNH'])
2025-04-25 05:24:31.252 ERROR (MainThread) [homeassistant.components.mqtt.select] Invalid option for select.den_phong_xe: '0' (valid options: ['TẮT', 'SÁNG VỪA', 'SÁNG MẠNH'])
2025-04-25 05:24:31.252 ERROR (MainThread) [homeassistant.components.mqtt.select] Invalid option for select.coi_san_truoc: '0' (valid options: ['TẮT', 'BẬT KHI CÓ CHUYỂN ĐỘNG/RUNG', 'LUÔN BẬT'])
2025-04-25 05:24:31.252 ERROR (MainThread) [homeassistant.components.mqtt.select] Invalid option for select.coi_phong_khach: '1' (valid options: ['TẮT', 'BẬT KHI CÓ NGUY HIỂM', 'LUÔN BẬT'])
2025-04-25 05:24:31.319 ERROR (MainThread) [homeassistant.components.mqtt.select] Invalid option for select.den_phong_khach: '0' (valid options: ['TẮT', 'SÁNG VỪA', 'SÁNG MẠNH'])
2025-04-25 05:24:33.560 ERROR (MainThread) [homeassistant.components.mqtt.select] Invalid option for select.den_bep: '0' (valid options: ['TẮT', 'SÁNG VỪA', 'SÁNG MẠNH'])
2025-04-25 05:24:33.560 ERROR (MainThread) [homeassistant.components.mqtt.select] Invalid option for select.den_phong_ngu: '0' (valid options: ['TẮT', 'SÁNG VỪA', 'SÁNG MẠNH'])
2025-04-25 05:24:33.619 ERROR (MainThread) [homeassistant.components.mqtt.select] Invalid option for select.den_phong_xe: '0' (valid options: ['TẮT', 'SÁNG VỪA', 'SÁNG MẠNH'])
2025-04-25 05:24:33.619 ERROR (MainThread) [homeassistant.components.mqtt.select] Invalid option for select.coi_san_truoc: '0' (valid options: ['TẮT', 'BẬT KHI CÓ CHUYỂN ĐỘNG/RUNG', 'LUÔN BẬT'])
2025-04-25 05:24:33.619 ERROR (MainThread) [homeassistant.components.mqtt.select] Invalid option for select.coi_phong_khach: '1' (valid options: ['TẮT', 'BẬT KHI CÓ NGUY HIỂM', 'LUÔN BẬT'])
2025-04-25 05:28:01.104 ERROR (MainThread) [homeassistant.components.mqtt.select] Invalid option for select.den_phong_khach: '0' (valid options: ['TẮT', 'SÁNG VỪA', 'SÁNG MẠNH'])
2025-04-25 05:28:01.104 ERROR (MainThread) [homeassistant.components.mqtt.select] Invalid option for select.den_bep: '0' (valid options: ['TẮT', 'SÁNG VỪA', 'SÁNG MẠNH'])
2025-04-25 05:28:01.104 ERROR (MainThread) [homeassistant.components.mqtt.select] Invalid option for select.den_phong_ngu: '0' (valid options: ['TẮT', 'SÁNG VỪA', 'SÁNG MẠNH'])
2025-04-25 05:28:01.104 ERROR (MainThread) [homeassistant.components.mqtt.select] Invalid option for select.den_phong_xe: '0' (valid options: ['TẮT', 'SÁNG VỪA', 'SÁNG MẠNH'])
2025-04-25 05:28:01.104 ERROR (MainThread) [homeassistant.components.mqtt.select] Invalid option for select.coi_san_truoc: '1' (valid options: ['TẮT', 'BẬT KHI CÓ CHUYỂN ĐỘNG/RUNG', 'LUÔN BẬT'])
2025-04-25 05:28:01.105 ERROR (MainThread) [homeassistant.components.mqtt.select] Invalid option for select.coi_phong_khach: '1' (valid options: ['TẮT', 'BẬT KHI CÓ NGUY HIỂM', 'LUÔN BẬT'])
2025-04-25 05:28:01.318 ERROR (MainThread) [homeassistant.components.mqtt.select] Invalid option for select.den_phong_khach: '0' (valid options: ['TẮT', 'SÁNG VỪA', 'SÁNG MẠNH'])
2025-04-25 05:28:01.545 ERROR (MainThread) [homeassistant.components.mqtt.select] Invalid option for select.den_bep: '0' (valid options: ['TẮT', 'SÁNG VỪA', 'SÁNG MẠNH'])
2025-04-25 05:28:01.545 ERROR (MainThread) [homeassistant.components.mqtt.select] Invalid option for select.den_phong_ngu: '0' (valid options: ['TẮT', 'SÁNG VỪA', 'SÁNG MẠNH'])
2025-04-25 05:28:01.600 ERROR (MainThread) [homeassistant.components.mqtt.select] Invalid option for select.den_phong_xe: '0' (valid options: ['TẮT', 'SÁNG VỪA', 'SÁNG MẠNH'])
2025-04-25 05:28:01.748 ERROR (MainThread) [homeassistant.components.mqtt.select] Invalid option for select.coi_san_truoc: '0' (valid options: ['TẮT', 'BẬT KHI CÓ CHUYỂN ĐỘNG/RUNG', 'LUÔN BẬT'])
2025-04-25 05:28:01.920 ERROR (MainThread) [homeassistant.components.mqtt.select] Invalid option for select.coi_phong_khach: '1' (valid options: ['TẮT', 'BẬT KHI CÓ NGUY HIỂM', 'LUÔN BẬT'])
2025-04-25 05:29:16.571 ERROR (MainThread) [homeassistant.components.mqtt.select] Invalid option for select.den_phong_khach: '0' (valid options: ['TẮT', 'SÁNG VỪA', 'SÁNG MẠNH'])
2025-04-25 05:29:16.572 ERROR (MainThread) [homeassistant.components.mqtt.select] Invalid option for select.den_bep: '0' (valid options: ['TẮT', 'SÁNG VỪA', 'SÁNG MẠNH'])
2025-04-25 05:29:16.572 ERROR (MainThread) [homeassistant.components.mqtt.select] Invalid option for select.den_phong_ngu: '0' (valid options: ['TẮT', 'SÁNG VỪA', 'SÁNG MẠNH'])
2025-04-25 05:29:16.572 ERROR (MainThread) [homeassistant.components.mqtt.select] Invalid option for select.den_phong_xe: '0' (valid options: ['TẮT', 'SÁNG VỪA', 'SÁNG MẠNH'])
2025-04-25 05:29:16.572 ERROR (MainThread) [homeassistant.components.mqtt.select] Invalid option for select.coi_san_truoc: '1' (valid options: ['TẮT', 'BẬT KHI CÓ CHUYỂN ĐỘNG/RUNG', 'LUÔN BẬT'])
2025-04-25 05:29:16.573 ERROR (MainThread) [homeassistant.components.mqtt.select] Invalid option for select.coi_phong_khach: '1' (valid options: ['TẮT', 'BẬT KHI CÓ NGUY HIỂM', 'LUÔN BẬT'])
2025-04-25 05:29:16.868 ERROR (MainThread) [homeassistant.components.mqtt.select] Invalid option for select.den_phong_khach: '0' (valid options: ['TẮT', 'SÁNG VỪA', 'SÁNG MẠNH'])
2025-04-25 05:29:16.869 ERROR (MainThread) [homeassistant.components.mqtt.select] Invalid option for select.den_bep: '0' (valid options: ['TẮT', 'SÁNG VỪA', 'SÁNG MẠNH'])
2025-04-25 05:29:16.935 ERROR (MainThread) [homeassistant.components.mqtt.select] Invalid option for select.den_phong_ngu: '0' (valid options: ['TẮT', 'SÁNG VỪA', 'SÁNG MẠNH'])
2025-04-25 05:29:17.075 ERROR (MainThread) [homeassistant.components.mqtt.select] Invalid option for select.den_phong_xe: '0' (valid options: ['TẮT', 'SÁNG VỪA', 'SÁNG MẠNH'])
2025-04-25 05:29:17.280 ERROR (MainThread) [homeassistant.components.mqtt.select] Invalid option for select.coi_san_truoc: '0' (valid options: ['TẮT', 'BẬT KHI CÓ CHUYỂN ĐỘNG/RUNG', 'LUÔN BẬT'])
2025-04-25 05:29:17.280 ERROR (MainThread) [homeassistant.components.mqtt.select] Invalid option for select.coi_phong_khach: '1' (valid options: ['TẮT', 'BẬT KHI CÓ NGUY HIỂM', 'LUÔN BẬT'])
2025-04-25 05:38:11.553 ERROR (MainThread) [homeassistant.components.mqtt.select] Invalid option for select.coi_san_truoc: '1' (valid options: ['TẮT', 'BẬT KHI CÓ CHUYỂN ĐỘNG/RUNG', 'LUÔN BẬT'])
2025-04-25 05:40:07.494 ERROR (MainThread) [homeassistant.components.mqtt.select] Invalid option for select.coi_san_truoc: '2' (valid options: ['TẮT', 'BẬT KHI CÓ CHUYỂN ĐỘNG/RUNG', 'LUÔN BẬT'])
2025-04-25 05:40:07.944 ERROR (MainThread) [homeassistant.components.mqtt.select] Invalid option for select.coi_san_truoc: '0' (valid options: ['TẮT', 'BẬT KHI CÓ CHUYỂN ĐỘNG/RUNG', 'LUÔN BẬT'])
2025-04-25 05:45:37.128 ERROR (MainThread) [homeassistant.components.mqtt.select] Invalid option for select.coi_san_truoc: '1' (valid options: ['TẮT', 'BẬT KHI CÓ CHUYỂN ĐỘNG/RUNG', 'LUÔN BẬT'])
2025-04-25 05:45:52.010 ERROR (MainThread) [homeassistant.components.mqtt.select] Invalid option for select.coi_san_truoc: '2' (valid options: ['TẮT', 'BẬT KHI CÓ CHUYỂN ĐỘNG/RUNG', 'LUÔN BẬT'])
2025-04-25 05:45:54.574 ERROR (MainThread) [homeassistant.components.mqtt.select] Invalid option for select.coi_san_truoc: '0' (valid options: ['TẮT', 'BẬT KHI CÓ CHUYỂN ĐỘNG/RUNG', 'LUÔN BẬT'])
2025-04-25 05:45:55.176 ERROR (MainThread) [homeassistant.components.mqtt.select] Invalid option for select.coi_san_truoc: '1' (valid options: ['TẮT', 'BẬT KHI CÓ CHUYỂN ĐỘNG/RUNG', 'LUÔN BẬT'])
2025-04-25 05:47:16.787 ERROR (MainThread) [homeassistant.components.mqtt.select] Invalid option for select.coi_san_truoc: '2' (valid options: ['TẮT', 'BẬT KHI CÓ CHUYỂN ĐỘNG/RUNG', 'LUÔN BẬT'])
2025-04-25 05:47:17.275 ERROR (MainThread) [homeassistant.components.mqtt.select] Invalid option for select.coi_san_truoc: '0' (valid options: ['TẮT', 'BẬT KHI CÓ CHUYỂN ĐỘNG/RUNG', 'LUÔN BẬT'])
2025-04-25 05:47:40.894 ERROR (MainThread) [homeassistant.components.mqtt.select] Invalid option for select.den_phong_khach: '0' (valid options: ['TẮT', 'SÁNG VỪA', 'SÁNG MẠNH'])
2025-04-25 05:47:40.895 ERROR (MainThread) [homeassistant.components.mqtt.select] Invalid option for select.den_bep: '0' (valid options: ['TẮT', 'SÁNG VỪA', 'SÁNG MẠNH'])
2025-04-25 05:47:40.895 ERROR (MainThread) [homeassistant.components.mqtt.select] Invalid option for select.den_phong_ngu: '0' (valid options: ['TẮT', 'SÁNG VỪA', 'SÁNG MẠNH'])
2025-04-25 05:47:40.895 ERROR (MainThread) [homeassistant.components.mqtt.select] Invalid option for select.den_phong_xe: '0' (valid options: ['TẮT', 'SÁNG VỪA', 'SÁNG MẠNH'])
2025-04-25 05:47:40.895 ERROR (MainThread) [homeassistant.components.mqtt.select] Invalid option for select.coi_san_truoc: '1' (valid options: ['TẮT', 'BẬT KHI CÓ CHUYỂN ĐỘNG/RUNG', 'LUÔN BẬT'])
2025-04-25 05:47:40.896 ERROR (MainThread) [homeassistant.components.mqtt.select] Invalid option for select.coi_phong_khach: '1' (valid options: ['TẮT', 'BẬT KHI CÓ NGUY HIỂM', 'LUÔN BẬT'])
2025-04-25 05:47:40.994 ERROR (MainThread) [homeassistant.components.mqtt.select] Invalid option for select.den_phong_khach: '0' (valid options: ['TẮT', 'SÁNG VỪA', 'SÁNG MẠNH'])
2025-04-25 05:47:41.098 ERROR (MainThread) [homeassistant.components.mqtt.select] Invalid option for select.den_bep: '0' (valid options: ['TẮT', 'SÁNG VỪA', 'SÁNG MẠNH'])
2025-04-25 05:47:41.383 ERROR (MainThread) [homeassistant.components.mqtt.select] Invalid option for select.den_phong_ngu: '0' (valid options: ['TẮT', 'SÁNG VỪA', 'SÁNG MẠNH'])
2025-04-25 05:47:41.384 ERROR (MainThread) [homeassistant.components.mqtt.select] Invalid option for select.den_phong_xe: '0' (valid options: ['TẮT', 'SÁNG VỪA', 'SÁNG MẠNH'])
2025-04-25 05:47:41.587 ERROR (MainThread) [homeassistant.components.mqtt.select] Invalid option for select.coi_san_truoc: '0' (valid options: ['TẮT', 'BẬT KHI CÓ CHUYỂN ĐỘNG/RUNG', 'LUÔN BẬT'])
2025-04-25 05:47:41.587 ERROR (MainThread) [homeassistant.components.mqtt.select] Invalid option for select.coi_phong_khach: '1' (valid options: ['TẮT', 'BẬT KHI CÓ NGUY HIỂM', 'LUÔN BẬT'])
2025-04-25 05:49:26.905 ERROR (MainThread) [homeassistant.components.mqtt.select] Invalid option for select.coi_san_truoc: '1' (valid options: ['TẮT', 'BẬT KHI CÓ CHUYỂN ĐỘNG/RUNG', 'LUÔN BẬT'])
2025-04-25 05:49:27.332 ERROR (MainThread) [homeassistant.components.mqtt.select] Invalid option for select.coi_san_truoc: '2' (valid options: ['TẮT', 'BẬT KHI CÓ CHUYỂN ĐỘNG/RUNG', 'LUÔN BẬT'])
2025-04-25 05:49:29.941 ERROR (MainThread) [homeassistant.components.mqtt.select] Invalid option for select.coi_san_truoc: '0' (valid options: ['TẮT', 'BẬT KHI CÓ CHUYỂN ĐỘNG/RUNG', 'LUÔN BẬT'])
2025-04-25 05:49:32.503 ERROR (MainThread) [homeassistant.components.mqtt.select] Invalid option for select.coi_san_truoc: '1' (valid options: ['TẮT', 'BẬT KHI CÓ CHUYỂN ĐỘNG/RUNG', 'LUÔN BẬT'])
2025-04-25 05:50:43.042 WARNING (MainThread) [homeassistant.components.mqtt.client] Error returned from MQTT server: The connection was lost.
2025-04-25 06:07:25.631 ERROR (MainThread) [homeassistant.components.mqtt.select] Invalid option for select.den_phong_khach: '0' (valid options: ['TẮT', 'SÁNG VỪA', 'SÁNG MẠNH'])
2025-04-25 06:07:25.632 ERROR (MainThread) [homeassistant.components.mqtt.select] Invalid option for select.den_bep: '0' (valid options: ['TẮT', 'SÁNG VỪA', 'SÁNG MẠNH'])
2025-04-25 06:07:25.632 ERROR (MainThread) [homeassistant.components.mqtt.select] Invalid option for select.den_phong_ngu: '0' (valid options: ['TẮT', 'SÁNG VỪA', 'SÁNG MẠNH'])
2025-04-25 06:07:25.632 ERROR (MainThread) [homeassistant.components.mqtt.select] Invalid option for select.den_phong_xe: '0' (valid options: ['TẮT', 'SÁNG VỪA', 'SÁNG MẠNH'])
2025-04-25 06:07:25.633 ERROR (MainThread) [homeassistant.components.mqtt.select] Invalid option for select.coi_san_truoc: '1' (valid options: ['TẮT', 'BẬT KHI CÓ CHUYỂN ĐỘNG/RUNG', 'LUÔN BẬT'])
2025-04-25 06:07:25.633 ERROR (MainThread) [homeassistant.components.mqtt.select] Invalid option for select.coi_phong_khach: '1' (valid options: ['TẮT', 'BẬT KHI CÓ NGUY HIỂM', 'LUÔN BẬT'])
2025-04-25 06:07:25.782 ERROR (MainThread) [homeassistant.components.mqtt.select] Invalid option for select.den_phong_khach: '0' (valid options: ['TẮT', 'SÁNG VỪA', 'SÁNG MẠNH'])
2025-04-25 06:07:25.859 ERROR (MainThread) [homeassistant.components.mqtt.select] Invalid option for select.den_bep: '0' (valid options: ['TẮT', 'SÁNG VỪA', 'SÁNG MẠNH'])
2025-04-25 06:07:26.093 ERROR (MainThread) [homeassistant.components.mqtt.select] Invalid option for select.den_phong_ngu: '0' (valid options: ['TẮT', 'SÁNG VỪA', 'SÁNG MẠNH'])
2025-04-25 06:07:26.093 ERROR (MainThread) [homeassistant.components.mqtt.select] Invalid option for select.den_phong_xe: '0' (valid options: ['TẮT', 'SÁNG VỪA', 'SÁNG MẠNH'])
2025-04-25 06:07:26.446 ERROR (MainThread) [homeassistant.components.mqtt.select] Invalid option for select.coi_san_truoc: '0' (valid options: ['TẮT', 'BẬT KHI CÓ CHUYỂN ĐỘNG/RUNG', 'LUÔN BẬT'])
2025-04-25 06:07:26.597 ERROR (MainThread) [homeassistant.components.mqtt.select] Invalid option for select.coi_phong_khach: '1' (valid options: ['TẮT', 'BẬT KHI CÓ NGUY HIỂM', 'LUÔN BẬT'])
2025-04-25 06:07:46.146 ERROR (MainThread) [homeassistant.components.mqtt.select] Invalid option for select.coi_san_truoc: '1' (valid options: ['TẮT', 'BẬT KHI CÓ CHUYỂN ĐỘNG/RUNG', 'LUÔN BẬT'])
2025-04-25 06:07:47.275 ERROR (MainThread) [homeassistant.components.mqtt.select] Invalid option for select.coi_san_truoc: '2' (valid options: ['TẮT', 'BẬT KHI CÓ CHUYỂN ĐỘNG/RUNG', 'LUÔN BẬT'])
2025-04-25 06:08:05.688 ERROR (MainThread) [homeassistant.components.mqtt.select] Invalid option for select.coi_san_truoc: '2' (valid options: ['TẮT', 'BẬT KHI CÓ CHUYỂN ĐỘNG/RUNG', 'LUÔN BẬT'])
2025-04-25 06:08:05.691 ERROR (MainThread) [homeassistant.components.mqtt.select] Invalid option for select.coi_san_truoc: '0' (valid options: ['TẮT', 'BẬT KHI CÓ CHUYỂN ĐỘNG/RUNG', 'LUÔN BẬT'])
2025-04-25 06:08:07.046 ERROR (MainThread) [homeassistant.components.mqtt.select] Invalid option for select.coi_san_truoc: '1' (valid options: ['TẮT', 'BẬT KHI CÓ CHUYỂN ĐỘNG/RUNG', 'LUÔN BẬT'])
2025-04-25 06:08:09.650 ERROR (MainThread) [homeassistant.components.mqtt.select] Invalid option for select.coi_san_truoc: '2' (valid options: ['TẮT', 'BẬT KHI CÓ CHUYỂN ĐỘNG/RUNG', 'LUÔN BẬT'])
2025-04-25 06:08:10.017 ERROR (MainThread) [homeassistant.components.mqtt.select] Invalid option for select.coi_san_truoc: '0' (valid options: ['TẮT', 'BẬT KHI CÓ CHUYỂN ĐỘNG/RUNG', 'LUÔN BẬT'])
2025-04-25 06:08:10.021 ERROR (MainThread) [homeassistant.components.mqtt.select] Invalid option for select.coi_san_truoc: '1' (valid options: ['TẮT', 'BẬT KHI CÓ CHUYỂN ĐỘNG/RUNG', 'LUÔN BẬT'])
2025-04-25 06:08:12.567 ERROR (MainThread) [homeassistant.components.mqtt.select] Invalid option for select.coi_san_truoc: '2' (valid options: ['TẮT', 'BẬT KHI CÓ CHUYỂN ĐỘNG/RUNG', 'LUÔN BẬT'])
2025-04-25 06:08:14.819 ERROR (MainThread) [homeassistant.components.mqtt.select] Invalid option for select.coi_san_truoc: '0' (valid options: ['TẮT', 'BẬT KHI CÓ CHUYỂN ĐỘNG/RUNG', 'LUÔN BẬT'])
2025-04-25 06:08:14.819 ERROR (MainThread) [homeassistant.components.mqtt.select] Invalid option for select.coi_san_truoc: '0' (valid options: ['TẮT', 'BẬT KHI CÓ CHUYỂN ĐỘNG/RUNG', 'LUÔN BẬT'])
2025-04-25 06:11:25.483 ERROR (MainThread) [homeassistant.components.mqtt.select] Invalid option for select.coi_san_truoc: '2' (valid options: ['TẮT', 'BẬT KHI CÓ CHUYỂN ĐỘNG/RUNG', 'LUÔN BẬT'])
2025-04-25 06:11:25.486 ERROR (MainThread) [homeassistant.components.mqtt.select] Invalid option for select.coi_san_truoc: '0' (valid options: ['TẮT', 'BẬT KHI CÓ CHUYỂN ĐỘNG/RUNG', 'LUÔN BẬT'])
2025-04-25 06:14:24.476 ERROR (MainThread) [homeassistant.components.mqtt.select] Invalid option for select.coi_san_truoc: '1' (valid options: ['TẮT', 'BẬT KHI CÓ CHUYỂN ĐỘNG/RUNG', 'LUÔN BẬT'])
2025-04-25 06:14:26.494 ERROR (MainThread) [homeassistant.components.mqtt.select] Invalid option for select.coi_san_truoc: '2' (valid options: ['TẮT', 'BẬT KHI CÓ CHUYỂN ĐỘNG/RUNG', 'LUÔN BẬT'])
2025-04-25 06:14:27.264 ERROR (MainThread) [homeassistant.components.mqtt.select] Invalid option for select.coi_san_truoc: '0' (valid options: ['TẮT', 'BẬT KHI CÓ CHUYỂN ĐỘNG/RUNG', 'LUÔN BẬT'])
2025-04-25 06:14:28.080 ERROR (MainThread) [homeassistant.components.mqtt.select] Invalid option for select.coi_phong_khach: '2' (valid options: ['TẮT', 'BẬT KHI CÓ NGUY HIỂM', 'LUÔN BẬT'])
2025-04-25 06:14:29.139 ERROR (MainThread) [homeassistant.components.mqtt.select] Invalid option for select.coi_phong_khach: '0' (valid options: ['TẮT', 'BẬT KHI CÓ NGUY HIỂM', 'LUÔN BẬT'])
2025-04-25 06:14:29.560 ERROR (MainThread) [homeassistant.components.mqtt.select] Invalid option for select.coi_phong_khach: '1' (valid options: ['TẮT', 'BẬT KHI CÓ NGUY HIỂM', 'LUÔN BẬT'])
2025-04-25 06:14:30.235 ERROR (MainThread) [homeassistant.components.mqtt.select] Invalid option for select.coi_phong_khach: '2' (valid options: ['TẮT', 'BẬT KHI CÓ NGUY HIỂM', 'LUÔN BẬT'])
2025-04-25 06:14:30.931 ERROR (MainThread) [homeassistant.components.mqtt.select] Invalid option for select.coi_phong_khach: '0' (valid options: ['TẮT', 'BẬT KHI CÓ NGUY HIỂM', 'LUÔN BẬT'])
2025-04-25 06:14:31.968 ERROR (MainThread) [homeassistant.components.mqtt.select] Invalid option for select.den_phong_xe: '1' (valid options: ['TẮT', 'SÁNG VỪA', 'SÁNG MẠNH'])
2025-04-25 06:14:43.933 ERROR (MainThread) [homeassistant.components.mqtt.select] Invalid option for select.den_bep: '1' (valid options: ['TẮT', 'SÁNG VỪA', 'SÁNG MẠNH'])
2025-04-25 06:14:51.696 ERROR (MainThread) [homeassistant.components.mqtt.select] Invalid option for select.den_bep: '2' (valid options: ['TẮT', 'SÁNG VỪA', 'SÁNG MẠNH'])
2025-04-25 06:14:53.687 ERROR (MainThread) [homeassistant.components.mqtt.select] Invalid option for select.den_bep: '0' (valid options: ['TẮT', 'SÁNG VỪA', 'SÁNG MẠNH'])
2025-04-25 06:14:56.041 ERROR (MainThread) [homeassistant.components.mqtt.select] Invalid option for select.den_phong_ngu: '1' (valid options: ['TẮT', 'SÁNG VỪA', 'SÁNG MẠNH'])
2025-04-25 06:14:58.809 ERROR (MainThread) [homeassistant.components.mqtt.select] Invalid option for select.den_phong_ngu: '2' (valid options: ['TẮT', 'SÁNG VỪA', 'SÁNG MẠNH'])
2025-04-25 06:14:59.157 ERROR (MainThread) [homeassistant.components.mqtt.select] Invalid option for select.den_phong_ngu: '0' (valid options: ['TẮT', 'SÁNG VỪA', 'SÁNG MẠNH'])
2025-04-25 06:15:15.066 ERROR (MainThread) [homeassistant.components.mqtt.select] Invalid option for select.den_phong_khach: '1' (valid options: ['TẮT', 'SÁNG VỪA', 'SÁNG MẠNH'])
2025-04-25 06:15:15.660 ERROR (MainThread) [homeassistant.components.mqtt.select] Invalid option for select.den_phong_khach: '2' (valid options: ['TẮT', 'SÁNG VỪA', 'SÁNG MẠNH'])
2025-04-25 06:15:16.065 ERROR (MainThread) [homeassistant.components.mqtt.select] Invalid option for select.den_phong_khach: '0' (valid options: ['TẮT', 'SÁNG VỪA', 'SÁNG MẠNH'])
2025-04-25 06:16:10.408 ERROR (MainThread) [homeassistant.components.mqtt.select] Invalid option for select.den_phong_xe: '2' (valid options: ['TẮT', 'SÁNG VỪA', 'SÁNG MẠNH'])
2025-04-25 06:16:11.662 ERROR (MainThread) [homeassistant.components.mqtt.select] Invalid option for select.den_phong_xe: '0' (valid options: ['TẮT', 'SÁNG VỪA', 'SÁNG MẠNH'])
2025-04-25 06:18:34.764 ERROR (MainThread) [homeassistant.components.mqtt.select] Invalid option for select.den_phong_khach: '0' (valid options: ['TẮT', 'SÁNG VỪA', 'SÁNG MẠNH'])
2025-04-25 06:18:34.764 ERROR (MainThread) [homeassistant.components.mqtt.select] Invalid option for select.den_bep: '0' (valid options: ['TẮT', 'SÁNG VỪA', 'SÁNG MẠNH'])
2025-04-25 06:18:34.765 ERROR (MainThread) [homeassistant.components.mqtt.select] Invalid option for select.den_phong_ngu: '0' (valid options: ['TẮT', 'SÁNG VỪA', 'SÁNG MẠNH'])
2025-04-25 06:18:34.765 ERROR (MainThread) [homeassistant.components.mqtt.select] Invalid option for select.den_phong_xe: '0' (valid options: ['TẮT', 'SÁNG VỪA', 'SÁNG MẠNH'])
2025-04-25 06:18:34.765 ERROR (MainThread) [homeassistant.components.mqtt.select] Invalid option for select.coi_san_truoc: '1' (valid options: ['TẮT', 'BẬT KHI CÓ CHUYỂN ĐỘNG/RUNG', 'LUÔN BẬT'])
2025-04-25 06:18:34.765 ERROR (MainThread) [homeassistant.components.mqtt.select] Invalid option for select.coi_phong_khach: '1' (valid options: ['TẮT', 'BẬT KHI CÓ NGUY HIỂM', 'LUÔN BẬT'])
2025-04-25 06:18:34.838 ERROR (MainThread) [homeassistant.components.mqtt.select] Invalid option for select.den_phong_khach: '0' (valid options: ['TẮT', 'SÁNG VỪA', 'SÁNG MẠNH'])
2025-04-25 06:18:34.957 ERROR (MainThread) [homeassistant.components.mqtt.select] Invalid option for select.den_bep: '0' (valid options: ['TẮT', 'SÁNG VỪA', 'SÁNG MẠNH'])
2025-04-25 06:18:35.199 ERROR (MainThread) [homeassistant.components.mqtt.select] Invalid option for select.den_phong_ngu: '0' (valid options: ['TẮT', 'SÁNG VỪA', 'SÁNG MẠNH'])
2025-04-25 06:18:35.200 ERROR (MainThread) [homeassistant.components.mqtt.select] Invalid option for select.den_phong_xe: '0' (valid options: ['TẮT', 'SÁNG VỪA', 'SÁNG MẠNH'])
2025-04-25 06:18:35.302 ERROR (MainThread) [homeassistant.components.mqtt.select] Invalid option for select.coi_san_truoc: '0' (valid options: ['TẮT', 'BẬT KHI CÓ CHUYỂN ĐỘNG/RUNG', 'LUÔN BẬT'])
2025-04-25 06:18:35.369 ERROR (MainThread) [homeassistant.components.mqtt.select] Invalid option for select.coi_phong_khach: '1' (valid options: ['TẮT', 'BẬT KHI CÓ NGUY HIỂM', 'LUÔN BẬT'])
2025-04-25 06:20:09.600 ERROR (MainThread) [homeassistant.components.mqtt.select] Invalid option for select.coi_san_truoc: '0' (valid options: ['TẮT', 'BẬT KHI CÓ CHUYỂN ĐỘNG/RUNG', 'LUÔN BẬT'])
2025-04-25 06:20:21.147 ERROR (MainThread) [homeassistant.components.mqtt.select] Invalid option for select.den_phong_khach: '2' (valid options: ['TẮT', 'SÁNG VỪA', 'SÁNG MẠNH'])
2025-04-25 06:20:22.591 ERROR (MainThread) [homeassistant.components.mqtt.select] Invalid option for select.den_phong_khach: '0' (valid options: ['TẮT', 'SÁNG VỪA', 'SÁNG MẠNH'])
2025-04-25 06:20:47.414 ERROR (MainThread) [homeassistant.components.mqtt.select] Invalid option for select.den_phong_khach: '2' (valid options: ['TẮT', 'SÁNG VỪA', 'SÁNG MẠNH'])
2025-04-25 06:20:48.965 ERROR (MainThread) [homeassistant.components.mqtt.select] Invalid option for select.den_phong_khach: '0' (valid options: ['TẮT', 'SÁNG VỪA', 'SÁNG MẠNH'])
2025-04-25 06:25:03.502 ERROR (MainThread) [homeassistant.components.mqtt.select] Invalid option for select.coi_san_truoc: '1' (valid options: ['TẮT', 'BẬT KHI CÓ CHUYỂN ĐỘNG/RUNG', 'LUÔN BẬT'])
2025-04-25 06:25:05.433 ERROR (MainThread) [homeassistant.components.mqtt.select] Invalid option for select.coi_san_truoc: '0' (valid options: ['TẮT', 'BẬT KHI CÓ CHUYỂN ĐỘNG/RUNG', 'LUÔN BẬT'])
2025-04-25 06:25:52.683 ERROR (MainThread) [homeassistant.components.mqtt.select] Invalid option for select.coi_san_truoc: '1' (valid options: ['TẮT', 'BẬT KHI CÓ CHUYỂN ĐỘNG/RUNG', 'LUÔN BẬT'])
2025-04-25 06:26:05.258 ERROR (MainThread) [homeassistant.components.mqtt.select] Invalid option for select.coi_san_truoc: '2' (valid options: ['TẮT', 'BẬT KHI CÓ CHUYỂN ĐỘNG/RUNG', 'LUÔN BẬT'])
2025-04-25 06:26:10.571 ERROR (MainThread) [homeassistant.components.mqtt.select] Invalid option for select.coi_san_truoc: '0' (valid options: ['TẮT', 'BẬT KHI CÓ CHUYỂN ĐỘNG/RUNG', 'LUÔN BẬT'])
2025-04-25 06:26:18.271 ERROR (MainThread) [homeassistant.components.mqtt.select] Invalid option for select.coi_san_truoc: '1' (valid options: ['TẮT', 'BẬT KHI CÓ CHUYỂN ĐỘNG/RUNG', 'LUÔN BẬT'])
2025-04-25 06:26:47.372 ERROR (MainThread) [homeassistant.components.mqtt.select] Invalid option for select.coi_san_truoc: '2' (valid options: ['TẮT', 'BẬT KHI CÓ CHUYỂN ĐỘNG/RUNG', 'LUÔN BẬT'])
2025-04-25 06:26:48.601 ERROR (MainThread) [homeassistant.components.mqtt.select] Invalid option for select.coi_san_truoc: '0' (valid options: ['TẮT', 'BẬT KHI CÓ CHUYỂN ĐỘNG/RUNG', 'LUÔN BẬT'])
2025-04-25 06:27:10.595 ERROR (MainThread) [homeassistant.components.mqtt.select] Invalid option for select.coi_phong_khach: '1' (valid options: ['TẮT', 'BẬT KHI CÓ NGUY HIỂM', 'LUÔN BẬT'])
2025-04-25 06:28:45.690 ERROR (MainThread) [homeassistant.components.mqtt.select] Invalid option for select.coi_phong_khach: '2' (valid options: ['TẮT', 'BẬT KHI CÓ NGUY HIỂM', 'LUÔN BẬT'])
2025-04-25 06:28:48.123 ERROR (MainThread) [homeassistant.components.mqtt.select] Invalid option for select.coi_phong_khach: '1' (valid options: ['TẮT', 'BẬT KHI CÓ NGUY HIỂM', 'LUÔN BẬT'])
2025-04-25 06:28:49.774 ERROR (MainThread) [homeassistant.components.mqtt.select] Invalid option for select.coi_phong_khach: '0' (valid options: ['TẮT', 'BẬT KHI CÓ NGUY HIỂM', 'LUÔN BẬT'])
2025-04-25 06:29:05.926 ERROR (MainThread) [homeassistant.components.mqtt.select] Invalid option for select.den_phong_ngu: '1' (valid options: ['TẮT', 'SÁNG VỪA', 'SÁNG MẠNH'])
2025-04-25 06:29:08.250 ERROR (MainThread) [homeassistant.components.mqtt.select] Invalid option for select.den_phong_ngu: '2' (valid options: ['TẮT', 'SÁNG VỪA', 'SÁNG MẠNH'])
2025-04-25 06:29:09.917 ERROR (MainThread) [homeassistant.components.mqtt.select] Invalid option for select.den_phong_ngu: '0' (valid options: ['TẮT', 'SÁNG VỪA', 'SÁNG MẠNH'])
2025-04-25 06:29:12.011 ERROR (MainThread) [homeassistant.components.mqtt.select] Invalid option for select.den_bep: '1' (valid options: ['TẮT', 'SÁNG VỪA', 'SÁNG MẠNH'])
2025-04-25 06:29:12.989 ERROR (MainThread) [homeassistant.components.mqtt.select] Invalid option for select.den_bep: '2' (valid options: ['TẮT', 'SÁNG VỪA', 'SÁNG MẠNH'])
2025-04-25 06:29:13.517 ERROR (MainThread) [homeassistant.components.mqtt.select] Invalid option for select.den_phong_khach: '2' (valid options: ['TẮT', 'SÁNG VỪA', 'SÁNG MẠNH'])
2025-04-25 06:29:14.425 ERROR (MainThread) [homeassistant.components.mqtt.select] Invalid option for select.den_bep: '0' (valid options: ['TẮT', 'SÁNG VỪA', 'SÁNG MẠNH'])
2025-04-25 06:29:17.355 ERROR (MainThread) [homeassistant.components.mqtt.select] Invalid option for select.den_phong_khach: '0' (valid options: ['TẮT', 'SÁNG VỪA', 'SÁNG MẠNH'])
2025-04-25 06:29:17.713 ERROR (MainThread) [homeassistant.components.mqtt.select] Invalid option for select.den_phong_khach: '2' (valid options: ['TẮT', 'SÁNG VỪA', 'SÁNG MẠNH'])
2025-04-25 06:29:21.123 ERROR (MainThread) [homeassistant.components.mqtt.select] Invalid option for select.den_phong_khach: '1' (valid options: ['TẮT', 'SÁNG VỪA', 'SÁNG MẠNH'])
2025-04-25 06:29:21.265 ERROR (MainThread) [homeassistant.components.mqtt.select] Invalid option for select.den_phong_khach: '0' (valid options: ['TẮT', 'SÁNG VỪA', 'SÁNG MẠNH'])
2025-04-25 06:29:35.402 ERROR (MainThread) [homeassistant.components.mqtt.select] Invalid option for select.den_phong_xe: '1' (valid options: ['TẮT', 'SÁNG VỪA', 'SÁNG MẠNH'])
2025-04-25 06:29:35.402 ERROR (MainThread) [homeassistant.components.mqtt.select] Invalid option for select.den_phong_xe: '2' (valid options: ['TẮT', 'SÁNG VỪA', 'SÁNG MẠNH'])
2025-04-25 06:29:35.577 ERROR (MainThread) [homeassistant.components.mqtt.select] Invalid option for select.den_phong_xe: '0' (valid options: ['TẮT', 'SÁNG VỪA', 'SÁNG MẠNH'])
2025-04-25 07:00:00.836 WARNING (MainThread) [homeassistant.components.mqtt.client] Error returned from MQTT server: The connection was lost.
